<?xml version="1.0" encoding="utf-8"?><testsuites name="pytest tests"><testsuite name="pytest" errors="0" failures="0" skipped="0" tests="112" time="1.477" timestamp="2025-10-20T22:55:17.918281+00:00" hostname="runnervmwhb2z"><testcase classname="test.test_main" name="test_inspect_lists_files_and_runs_check" file="test/test_main.py" line="248" time="0.073" /><testcase classname="test.test_parsers.test_config_parser" name="test_parse_pyproject_toml_no_version_returns_none" file="test/test_parsers/test_config_parser.py" line="75" time="0.004" /><testcase classname="test.test_parsers.test_config_parser" name="test_parse_setup_cfg_invalid_ini_stderr" file="test/test_parsers/test_config_parser.py" line="106" time="0.002" /><testcase classname="test.test_parsers.test_config_parser" name="test_parse_pyproject_toml_invalid_toml_stderr" file="test/test_parsers/test_config_parser.py" line="65" time="0.001" /><testcase classname="test.test_parsers.test_config_parser" name="test_parse_pyproject_toml_missing_file_returns_none" file="test/test_parsers/test_config_parser.py" line="61" time="0.001" /><testcase classname="test.test_parsers.test_config_parser" name="test_parse_setup_cfg_missing_file_returns_none" file="test/test_parsers/test_config_parser.py" line="102" time="0.001" /><testcase classname="test.test_config" name="test_ignore_normalization_set_becomes_list" file="test/test_config.py" line="57" time="0.002" /><testcase classname="test.test_config" name="test_ignore_normalization_valid_types[&quot;pkg&quot;-expected0]" file="test/test_config.py" line="34" time="0.001" /><testcase classname="test.test_config" name="test_ignore_invalid_type_warns_and_is_dropped" file="test/test_config.py" line="70" time="0.001" /><testcase classname="test.test_config" name="test_no_tool_jiggle_version_returns_empty" file="test/test_config.py" line="102" time="0.001" /><testcase classname="test.test_config" name="test_invalid_toml_emits_warning_and_returns_empty" file="test/test_config.py" line="88" time="0.002" /><testcase classname="test.test_config" name="test_ignore_normalization_valid_types[[&quot;a&quot;, &quot;b/sub&quot;]-expected1]" file="test/test_config.py" line="34" time="0.001" /><testcase classname="test.test_config" name="test_ignore_normalization_valid_types[[&quot;one&quot;] # comment-expected2]" file="test/test_config.py" line="34" time="0.001" /><testcase classname="test.test_config" name="test_missing_file_returns_empty_dict" file="test/test_config.py" line="15" time="0.001" /><testcase classname="test.test_config" name="test_valid_config_basic_and_increment_normalization" file="test/test_config.py" line="20" time="0.001" /><testcase classname="test.test_git" name="test_is_repo_dirty_false_on_calledprocesserror" file="test/test_git.py" line="101" time="0.001" /><testcase classname="test.test_git" name="test_stage_files_uses_relative_paths" file="test/test_git.py" line="124" time="0.002" /><testcase classname="test.test_git" name="test_run_git_command_invokes_git_with_args_and_returns_stdout" file="test/test_git.py" line="29" time="0.001" /><testcase classname="test.test_git" name="test_get_current_branch_returns_stripped_stdout" file="test/test_git.py" line="114" time="0.001" /><testcase classname="test.test_git" name="test_push_changes_passes_remote_and_branch" file="test/test_git.py" line="167" time="0.001" /><testcase classname="test.test_git" name="test_commit_changes_passes_message" file="test/test_git.py" line="152" time="0.001" /><testcase classname="test.test_git" name="test_run_git_command_propagates_calledprocesserror" file="test/test_git.py" line="65" time="0.001" /><testcase classname="test.test_git" name="test_is_repo_dirty_true_when_status_has_output" file="test/test_git.py" line="84" time="0.001" /><testcase classname="test.test_git" name="test_is_repo_dirty_false_when_status_clean" file="test/test_git.py" line="94" time="0.001" /><testcase classname="test.test_git" name="test_run_git_command_raises_if_git_missing" file="test/test_git.py" line="57" time="0.001" /><testcase classname="test.test_auto" name="test_auto_increment_major_on_removed_symbols" file="test/test_auto.py" line="80" time="0.008" /><testcase classname="test.test_auto" name="test_auto_increment_defaults_to_patch_when_no_api_and_no_digest" file="test/test_auto.py" line="70" time="0.001" /><testcase classname="test.test_auto" name="test_auto_increment_patch_when_no_change" file="test/test_auto.py" line="115" time="0.002" /><testcase classname="test.test_auto" name="test_write_and_read_digest_roundtrip" file="test/test_auto.py" line="53" time="0.002" /><testcase classname="test.test_auto" name="test_get_current_symbols_collects_all_from_python_sources" file="test/test_auto.py" line="24" time="0.002" /><testcase classname="test.test_auto" name="test_get_current_symbols_respects_ignore_paths" file="test/test_auto.py" line="37" time="0.002" /><testcase classname="test.test_auto" name="test_auto_increment_minor_on_added_symbols" file="test/test_auto.py" line="98" time="0.002" /><testcase classname="test.test_auto" name="test_read_digest_data_missing_returns_empty" file="test/test_auto.py" line="49" time="0.001" /><testcase classname="test.test_main" name="test_bump_force_write_allows_disagreement" file="test/test_main.py" line="163" time="0.020" /><testcase classname="test.test_gitignore" name="test_build_gitignore_spec_extra_patterns_override_with_negation" file="test/test_gitignore.py" line="39" time="0.002" /><testcase classname="test.test_gitignore" name="test_collect_default_spec_reads_root_gitignore_and_exclude" file="test/test_gitignore.py" line="25" time="0.002" /><testcase classname="test.test_gitignore" name="test_empty_patterns_mean_not_ignored" file="test/test_gitignore.py" line="143" time="0.001" /><testcase classname="test.test_gitignore" name="test_windows_like_paths_normalize_to_posix" file="test/test_gitignore.py" line="107" time="0.001" /><testcase classname="test.test_gitignore" name="test_wildcards_and_anchoring" file="test/test_gitignore.py" line="67" time="0.002" /><testcase classname="test.test_gitignore" name="test_negation_last_rule_wins" file="test/test_gitignore.py" line="80" time="0.002" /><testcase classname="test.test_gitignore" name="test_is_path_explicitly_ignored_exact_and_descendant" file="test/test_gitignore.py" line="126" time="0.001" /><testcase classname="test.test_gitignore" name="test_nonexistent_paths_still_match_by_name" file="test/test_gitignore.py" line="149" time="0.001" /><testcase classname="test.test_gitignore" name="test_directory_suffix_only_matches_directory" file="test/test_gitignore.py" line="54" time="0.002" /><testcase classname="test.test_main" name="test_check_agreement_ok" file="test/test_main.py" line="54" time="0.006" /><testcase classname="test.test_gitignore" name="test_global_ignore_files" file="test/test_gitignore.py" line="90" time="0.002" /><testcase classname="test.test_discover" name="test_respects_gitignore_and_finds_targets" file="test/test_discover.py" line="14" time="0.006" /><testcase classname="test.test_main" name="test_hash_all_writes_digest" file="test/test_main.py" line="203" time="0.009" /><testcase classname="test.test_discover" name="test_explicit_ignore_paths_override" file="test/test_discover.py" line="47" time="0.001" /><testcase classname="test.test_parsers.test_ast_parser" name="test_parse_dunder_all_list_and_tuple_literals[('a', 'b')-expected1]" file="test/test_parsers/test_ast_parser.py" line="164" time="0.001" /><testcase classname="test.test_parsers.test_ast_parser" name="test_parse_setup_py_non_literal_version_warns_and_returns_none" file="test/test_parsers/test_ast_parser.py" line="49" time="0.003" /><testcase classname="test.test_main" name="test_bump_uses_config_increment_when_not_given" file="test/test_main.py" line="128" time="0.006" /><testcase classname="test.test_parsers.test_ast_parser" name="test_parse_dunder_all_list_and_tuple_literals[[]-expected2]" file="test/test_parsers/test_ast_parser.py" line="164" time="0.001" /><testcase classname="test.test_parsers.test_ast_parser" name="test_parse_python_module_last_assignment_wins" file="test/test_parsers/test_ast_parser.py" line="101" time="0.002" /><testcase classname="test.test_main" name="test_print_outputs_single_version" file="test/test_main.py" line="33" time="0.008" /><testcase classname="test.test_parsers.test_ast_parser" name="test_parse_dunder_all_syntax_error_returns_empty" file="test/test_parsers/test_ast_parser.py" line="214" time="0.001" /><testcase classname="test.test_parsers.test_ast_parser" name="test_parse_python_module_ignores_other_assignments" file="test/test_parsers/test_ast_parser.py" line="130" time="0.001" /><testcase classname="test.test_parsers.test_ast_parser" name="test_parse_python_module_missing_file_returns_none" file="test/test_parsers/test_ast_parser.py" line="141" time="0.001" /><testcase classname="test.test_parsers.test_ast_parser" name="test_parse_python_module_non_literal_warns_and_returns_none" file="test/test_parsers/test_ast_parser.py" line="114" time="0.001" /><testcase classname="test.test_main" name="test_check_conflict_returns_2" file="test/test_main.py" line="77" time="0.006" /><testcase classname="test.test_parsers.test_ast_parser" name="test_parse_setup_py_literal_version" file="test/test_parsers/test_ast_parser.py" line="25" time="0.001" /><testcase classname="test.test_parsers.test_ast_parser" name="test_parse_setup_py_missing_file_returns_none" file="test/test_parsers/test_ast_parser.py" line="66" time="0.001" /><testcase classname="test.test_parsers.test_ast_parser" name="test_parse_dunder_all_list_and_tuple_literals[()-expected3]" file="test/test_parsers/test_ast_parser.py" line="164" time="0.001" /><testcase classname="test.test_main" name="test_bump_dry_run_patch_from_cli" file="test/test_main.py" line="102" time="0.005" /><testcase classname="test.test_parsers.test_ast_parser" name="test_parse_setup_py_syntax_error_returns_none_and_stderr" file="test/test_parsers/test_ast_parser.py" line="70" time="0.001" /><testcase classname="test.test_parsers.test_ast_parser" name="test_parse_dunder_all_non_literal_warns_and_returns_empty" file="test/test_parsers/test_ast_parser.py" line="186" time="0.001" /><testcase classname="test.test_parsers.test_ast_parser" name="test_parse_dunder_all_no_assignment_returns_empty" file="test/test_parsers/test_ast_parser.py" line="203" time="0.001" /><testcase classname="test.test_main" name="test_init_appends_config_section" file="test/test_main.py" line="229" time="0.007" /><testcase classname="test.test_parsers.test_ast_parser" name="test_parse_dunder_all_list_and_tuple_literals[['a', 'b', 'c']-expected0]" file="test/test_parsers/test_ast_parser.py" line="164" time="0.001" /><testcase classname="test.test_parsers.test_ast_parser" name="test_parse_python_module_syntax_error_returns_none_and_stderr" file="test/test_parsers/test_ast_parser.py" line="145" time="0.001" /><testcase classname="test.test_parsers.test_ast_parser" name="test_parse_setup_py_attribute_call" file="test/test_parsers/test_ast_parser.py" line="37" time="0.001" /><testcase classname="test.test_parsers.test_ast_parser" name="test_parse_python_module_literal_dunder_version" file="test/test_parsers/test_ast_parser.py" line="90" time="0.001" /><testcase classname="test.test_parsers.test_config_parser" name="test_parse_pyproject_toml_tool_setuptools_version" file="test/test_parsers/test_config_parser.py" line="34" time="0.001" /><testcase classname="test.test_schemes" name="test_bump_pep440_happy_paths[1-patch-1.0.1]" file="test/test_schemes.py" line="10" time="0.002" /><testcase classname="test.test_parsers.test_config_parser" name="test_parse_setup_cfg_no_version_returns_none" file="test/test_parsers/test_config_parser.py" line="123" time="0.001" /><testcase classname="test.test_schemes" name="test_bump_semver_happy_paths[1.2.3-alpha.1+exp.sha.5114f85-major-2.0.0]" file="test/test_schemes.py" line="55" time="0.002" /><testcase classname="test.test_parsers.test_config_parser" name="test_parse_setup_cfg_metadata_version" file="test/test_parsers/test_config_parser.py" line="90" time="0.001" /><testcase classname="test.test_schemes" name="test_bump_semver_happy_paths[1.2.3-major-2.0.0]" file="test/test_schemes.py" line="55" time="0.001" /><testcase classname="test.test_parsers.test_config_parser" name="test_parse_pyproject_toml_project_version" file="test/test_parsers/test_config_parser.py" line="21" time="0.001" /><testcase classname="test.test_schemes" name="test_bump_semver_happy_paths[1.2.3-alpha.1-patch-1.2.4]" file="test/test_schemes.py" line="55" time="0.001" /><testcase classname="test.test_parsers.test_config_parser" name="test_parse_pyproject_toml_priority_project_over_tool" file="test/test_parsers/test_config_parser.py" line="46" time="0.001" /><testcase classname="test.test_schemes" name="test_bump_pep440_invalid_raises[1..2]" file="test/test_schemes.py" line="37" time="0.001" /><testcase classname="test.test_schemes" name="test_bump_pep440_happy_paths[1.2.3rc1-patch-1.2.4]" file="test/test_schemes.py" line="10" time="0.001" /><testcase classname="test.test_schemes" name="test_bump_pep440_happy_paths[1.2.3-patch-1.2.4]" file="test/test_schemes.py" line="10" time="0.001" /><testcase classname="test.test_schemes" name="test_bump_semver_happy_paths[0.0.9-minor-0.1.0]" file="test/test_schemes.py" line="55" time="0.002" /><testcase classname="test.test_schemes" name="test_bump_pep440_happy_paths[1.2.3.post4-major-2.0.0]" file="test/test_schemes.py" line="10" time="0.001" /><testcase classname="test.test_schemes" name="test_bump_pep440_happy_paths[0.9.9-major-1.0.0]" file="test/test_schemes.py" line="10" time="0.001" /><testcase classname="test.test_schemes" name="test_bump_semver_invalid_raises[1]" file="test/test_schemes.py" line="74" time="0.001" /><testcase classname="test.test_schemes" name="test_bump_pep440_happy_paths[1.2.3.dev2-minor-1.3.0]" file="test/test_schemes.py" line="10" time="0.001" /><testcase classname="test.test_schemes" name="test_bump_semver_invalid_raises[1.2.a]" file="test/test_schemes.py" line="74" time="0.001" /><testcase classname="test.test_schemes" name="test_bump_semver_invalid_raises[1..2]" file="test/test_schemes.py" line="74" time="0.001" /><testcase classname="test.test_schemes" name="test_bump_semver_happy_paths[1.2.3-minor-1.3.0]" file="test/test_schemes.py" line="55" time="0.001" /><testcase classname="test.test_schemes" name="test_bump_pep440_happy_paths[1-major-2.0.0]" file="test/test_schemes.py" line="10" time="0.001" /><testcase classname="test.test_schemes" name="test_bump_semver_happy_paths[0.9.9-major-1.0.0]" file="test/test_schemes.py" line="55" time="0.001" /><testcase classname="test.test_schemes" name="test_bump_pep440_happy_paths[1.2.3-major-2.0.0]" file="test/test_schemes.py" line="10" time="0.001" /><testcase classname="test.test_schemes" name="test_bump_pep440_invalid_raises[]" file="test/test_schemes.py" line="37" time="0.001" /><testcase classname="test.test_schemes" name="test_bump_semver_happy_paths[0.0.0-patch-0.0.1]" file="test/test_schemes.py" line="55" time="0.001" /><testcase classname="test.test_schemes" name="test_bump_pep440_happy_paths[1.2-patch-1.2.1]" file="test/test_schemes.py" line="10" time="0.001" /><testcase classname="test.test_schemes" name="test_bump_pep440_happy_paths[1.2.3-minor-1.3.0]" file="test/test_schemes.py" line="10" time="0.001" /><testcase classname="test.test_schemes" name="test_bump_semver_invalid_raises[1.2]" file="test/test_schemes.py" line="74" time="0.001" /><testcase classname="test.test_schemes" name="test_bump_pep440_happy_paths[1.2.3rc1.post2.dev3-patch-1.2.4]" file="test/test_schemes.py" line="10" time="0.001" /><testcase classname="test.test_schemes" name="test_bump_pep440_happy_paths[0.0.0-patch-0.0.1]" file="test/test_schemes.py" line="10" time="0.001" /><testcase classname="test.test_schemes" name="test_bump_semver_invalid_raises[]" file="test/test_schemes.py" line="74" time="0.000" /><testcase classname="test.test_schemes" name="test_bump_semver_happy_paths[1.2.3-patch-1.2.4]" file="test/test_schemes.py" line="55" time="0.001" /><testcase classname="test.test_schemes" name="test_bump_pep440_happy_paths[1.2-minor-1.3.0]" file="test/test_schemes.py" line="10" time="0.001" /><testcase classname="test.test_schemes" name="test_bump_pep440_happy_paths[1.2-major-2.0.0]" file="test/test_schemes.py" line="10" time="0.001" /><testcase classname="test.test_schemes" name="test_bump_pep440_happy_paths[0.0.9-minor-0.1.0]" file="test/test_schemes.py" line="10" time="0.001" /><testcase classname="test.test_schemes" name="test_bump_semver_invalid_raises[a.b.c]" file="test/test_schemes.py" line="74" time="0.001" /><testcase classname="test.test_schemes" name="test_bump_pep440_invalid_raises[not-a-version]" file="test/test_schemes.py" line="37" time="0.001" /><testcase classname="test.test_schemes" name="test_bump_pep440_happy_paths[1-minor-1.1.0]" file="test/test_schemes.py" line="10" time="0.001" /><testcase classname="test.test_schemes" name="test_bump_semver_invalid_raises[1.2.3.4]" file="test/test_schemes.py" line="74" time="0.001" /><testcase classname="test.test_schemes" name="test_bump_pep440_invalid_raises[1.2.bad]" file="test/test_schemes.py" line="37" time="0.001" /><testcase classname="test.test_schemes" name="test_bump_semver_happy_paths[1.2.3+build.5-minor-1.3.0]" file="test/test_schemes.py" line="55" time="0.001" /></testsuite></testsuites>